This file contains any messages produced by compilers while
running configure, to aid debugging if configure makes a mistake.

It was created by gst-plugin-cedar configure 0.10.1, which was
generated by GNU Autoconf 2.69.  Invocation command line was

  $ ./configure --prefix=/usr

## --------- ##
## Platform. ##
## --------- ##

hostname = Slash
uname -m = armv7l
uname -r = 5.19.0-1018-lowlatency
uname -s = Linux
uname -v = #19-Ubuntu SMP PREEMPT_DYNAMIC Tue Feb 7 18:03:52 UTC 2023

/usr/bin/uname -p = unknown
/bin/uname -X     = unknown

/bin/arch              = armv7l
/usr/bin/arch -k       = unknown
/usr/convex/getsysinfo = unknown
/usr/bin/hostinfo      = unknown
/bin/machine           = unknown
/usr/bin/oslevel       = unknown
/bin/universe          = unknown

PATH: /usr/local/sbin
PATH: /usr/local/bin
PATH: /usr/sbin
PATH: /usr/bin
PATH: /sbin
PATH: /bin
PATH: /snap/bin


## ----------- ##
## Core tests. ##
## ----------- ##

configure:2215: checking for a BSD-compatible install
configure:2283: result: /usr/bin/install -c
configure:2294: checking whether build environment is sane
configure:2349: result: yes
configure:2495: checking for a thread-safe mkdir -p
configure:2534: result: /usr/bin/mkdir -p
configure:2541: checking for gawk
configure:2571: result: no
configure:2541: checking for mawk
configure:2557: found /usr/bin/mawk
configure:2568: result: mawk
configure:2579: checking whether make sets $(MAKE)
configure:2601: result: yes
configure:2630: checking whether make supports nested variables
configure:2647: result: yes
configure:2775: checking whether to enable maintainer-specific portions of Makefiles
configure:2784: result: yes
configure:2846: checking for gcc
configure:2862: found /usr/bin/gcc
configure:2873: result: gcc
configure:3102: checking for C compiler version
configure:3111: gcc --version >&5
gcc (Debian 10.2.1-6) 10.2.1 20210110
Copyright (C) 2020 Free Software Foundation, Inc.
This is free software; see the source for copying conditions.  There is NO
warranty; not even for MERCHANTABILITY or FITNESS FOR A PARTICULAR PURPOSE.

configure:3122: $? = 0
configure:3111: gcc -v >&5
Using built-in specs.
COLLECT_GCC=gcc
COLLECT_LTO_WRAPPER=/usr/lib/gcc/arm-linux-gnueabihf/10/lto-wrapper
Target: arm-linux-gnueabihf
Configured with: ../src/configure -v --with-pkgversion='Debian 10.2.1-6' --with-bugurl=file:///usr/share/doc/gcc-10/README.Bugs --enable-languages=c,ada,c++,go,d,fortran,objc,obj-c++,m2 --prefix=/usr --with-gcc-major-version-only --program-suffix=-10 --program-prefix=arm-linux-gnueabihf- --enable-shared --enable-linker-build-id --libexecdir=/usr/lib --without-included-gettext --enable-threads=posix --libdir=/usr/lib --enable-nls --enable-bootstrap --enable-clocale=gnu --enable-libstdcxx-debug --enable-libstdcxx-time=yes --with-default-libstdcxx-abi=new --enable-gnu-unique-object --disable-libitm --disable-libquadmath --disable-libquadmath-support --enable-plugin --enable-default-pie --with-system-zlib --enable-libphobos-checking=release --with-target-system-zlib=auto --enable-objc-gc=auto --enable-multiarch --disable-sjlj-exceptions --with-arch=armv7-a --with-fpu=vfpv3-d16 --with-float=hard --with-mode=thumb --disable-werror --enable-checking=release --build=arm-linux-gnueabihf --host=arm-linux-gnueabihf --target=arm-linux-gnueabihf
Thread model: posix
Supported LTO compression algorithms: zlib zstd
gcc version 10.2.1 20210110 (Debian 10.2.1-6) 
configure:3122: $? = 0
configure:3111: gcc -V >&5
gcc: error: unrecognized command-line option '-V'
gcc: fatal error: no input files
compilation terminated.
configure:3122: $? = 1
configure:3111: gcc -qversion >&5
gcc: error: unrecognized command-line option '-qversion'; did you mean '--version'?
gcc: fatal error: no input files
compilation terminated.
configure:3122: $? = 1
configure:3142: checking whether the C compiler works
configure:3164: gcc    conftest.c  >&5
configure:3168: $? = 0
configure:3216: result: yes
configure:3219: checking for C compiler default output file name
configure:3221: result: a.out
configure:3227: checking for suffix of executables
configure:3234: gcc -o conftest    conftest.c  >&5
configure:3238: $? = 0
configure:3260: result: 
configure:3282: checking whether we are cross compiling
configure:3290: gcc -o conftest    conftest.c  >&5
configure:3294: $? = 0
configure:3301: ./conftest
configure:3305: $? = 0
configure:3320: result: no
configure:3325: checking for suffix of object files
configure:3347: gcc -c   conftest.c >&5
configure:3351: $? = 0
configure:3372: result: o
configure:3376: checking whether we are using the GNU C compiler
configure:3395: gcc -c   conftest.c >&5
configure:3395: $? = 0
configure:3404: result: yes
configure:3413: checking whether gcc accepts -g
configure:3433: gcc -c -g  conftest.c >&5
configure:3433: $? = 0
configure:3474: result: yes
configure:3491: checking for gcc option to accept ISO C89
configure:3554: gcc  -c -g -O2  conftest.c >&5
configure:3554: $? = 0
configure:3567: result: none needed
configure:3592: checking whether gcc understands -c and -o together
configure:3614: gcc -c conftest.c -o conftest2.o
configure:3617: $? = 0
configure:3614: gcc -c conftest.c -o conftest2.o
configure:3617: $? = 0
configure:3629: result: yes
configure:3649: checking whether make supports the include directive
configure:3664: make -f confmf.GNU && cat confinc.out
this is the am__doit target
configure:3667: $? = 0
configure:3686: result: yes (GNU style)
configure:3711: checking dependency style of gcc
configure:3822: result: gcc3
configure:3868: checking build system type
configure:3882: result: armv7l-unknown-linux-gnueabihf
configure:3902: checking host system type
configure:3915: result: armv7l-unknown-linux-gnueabihf
configure:3956: checking how to print strings
configure:3983: result: printf
configure:4004: checking for a sed that does not truncate output
configure:4068: result: /usr/bin/sed
configure:4086: checking for grep that handles long lines and -e
configure:4144: result: /usr/bin/grep
configure:4149: checking for egrep
configure:4211: result: /usr/bin/grep -E
configure:4216: checking for fgrep
configure:4278: result: /usr/bin/grep -F
configure:4313: checking for ld used by gcc
configure:4380: result: /usr/bin/ld
configure:4387: checking if the linker (/usr/bin/ld) is GNU ld
configure:4402: result: yes
configure:4414: checking for BSD- or MS-compatible name lister (nm)
configure:4468: result: /usr/bin/nm -B
configure:4598: checking the name lister (/usr/bin/nm -B) interface
configure:4605: gcc -c -g -O2  conftest.c >&5
configure:4608: /usr/bin/nm -B "conftest.o"
configure:4611: output
00000000 B some_variable
configure:4618: result: BSD nm
configure:4621: checking whether ln -s works
configure:4625: result: yes
configure:4633: checking the maximum length of command line arguments
configure:4764: result: 1572864
configure:4812: checking how to convert armv7l-unknown-linux-gnueabihf file names to armv7l-unknown-linux-gnueabihf format
configure:4852: result: func_convert_file_noop
configure:4859: checking how to convert armv7l-unknown-linux-gnueabihf file names to toolchain format
configure:4879: result: func_convert_file_noop
configure:4886: checking for /usr/bin/ld option to reload object files
configure:4893: result: -r
configure:4967: checking for objdump
configure:4983: found /usr/bin/objdump
configure:4994: result: objdump
configure:5026: checking how to recognize dependent libraries
configure:5226: result: pass_all
configure:5311: checking for dlltool
configure:5341: result: no
configure:5371: checking how to associate runtime and link libraries
configure:5398: result: printf %s\n
configure:5459: checking for ar
configure:5475: found /usr/bin/ar
configure:5486: result: ar
configure:5523: checking for archiver @FILE support
configure:5540: gcc -c -g -O2  conftest.c >&5
configure:5540: $? = 0
configure:5543: ar cr libconftest.a @conftest.lst >&5
configure:5546: $? = 0
configure:5551: ar cr libconftest.a @conftest.lst >&5
ar: conftest.o: No such file or directory
configure:5554: $? = 1
configure:5566: result: @
configure:5624: checking for strip
configure:5640: found /usr/bin/strip
configure:5651: result: strip
configure:5723: checking for ranlib
configure:5739: found /usr/bin/ranlib
configure:5750: result: ranlib
configure:5852: checking command to parse /usr/bin/nm -B output from gcc object
configure:6005: gcc -c -g -O2  conftest.c >&5
configure:6008: $? = 0
configure:6012: /usr/bin/nm -B conftest.o | sed -n -e 's/^.*[	 ]\([ABCDGIRSTW][ABCDGIRSTW]*\)[	 ][	 ]*\([_A-Za-z][_A-Za-z0-9]*\)$/\1 \2 \2/p' | sed '/ __gnu_lto/d' > conftest.nm
configure:6078: gcc -o conftest -g -O2   conftest.c conftstm.o >&5
configure:6081: $? = 0
configure:6119: result: ok
configure:6166: checking for sysroot
configure:6196: result: no
configure:6203: checking for a working dd
configure:6241: result: /usr/bin/dd
configure:6245: checking how to truncate binary pipes
configure:6260: result: /usr/bin/dd bs=4096 count=1
configure:6589: checking for mt
configure:6605: found /usr/bin/mt
configure:6616: result: mt
configure:6639: checking if mt is a manifest tool
configure:6645: mt '-?'
configure:6653: result: no
configure:7330: checking how to run the C preprocessor
configure:7361: gcc -E  conftest.c
configure:7361: $? = 0
configure:7375: gcc -E  conftest.c
conftest.c:11:10: fatal error: ac_nonexistent.h: No such file or directory
   11 | #include <ac_nonexistent.h>
      |          ^~~~~~~~~~~~~~~~~~
compilation terminated.
configure:7375: $? = 1
configure: failed program was:
| /* confdefs.h */
| #define PACKAGE_NAME "gst-plugin-cedar"
| #define PACKAGE_TARNAME "gst-plugin-cedar"
| #define PACKAGE_VERSION "0.10.1"
| #define PACKAGE_STRING "gst-plugin-cedar 0.10.1"
| #define PACKAGE_BUGREPORT "ebutera@users.sourceforge.net"
| #define PACKAGE_URL ""
| #define PACKAGE "gst-plugin-cedar"
| #define VERSION "0.10.1"
| /* end confdefs.h.  */
| #include <ac_nonexistent.h>
configure:7400: result: gcc -E
configure:7420: gcc -E  conftest.c
configure:7420: $? = 0
configure:7434: gcc -E  conftest.c
conftest.c:11:10: fatal error: ac_nonexistent.h: No such file or directory
   11 | #include <ac_nonexistent.h>
      |          ^~~~~~~~~~~~~~~~~~
compilation terminated.
configure:7434: $? = 1
configure: failed program was:
| /* confdefs.h */
| #define PACKAGE_NAME "gst-plugin-cedar"
| #define PACKAGE_TARNAME "gst-plugin-cedar"
| #define PACKAGE_VERSION "0.10.1"
| #define PACKAGE_STRING "gst-plugin-cedar 0.10.1"
| #define PACKAGE_BUGREPORT "ebutera@users.sourceforge.net"
| #define PACKAGE_URL ""
| #define PACKAGE "gst-plugin-cedar"
| #define VERSION "0.10.1"
| /* end confdefs.h.  */
| #include <ac_nonexistent.h>
configure:7463: checking for ANSI C header files
configure:7483: gcc -c -g -O2  conftest.c >&5
configure:7483: $? = 0
configure:7556: gcc -o conftest -g -O2   conftest.c  >&5
configure:7556: $? = 0
configure:7556: ./conftest
configure:7556: $? = 0
configure:7567: result: yes
configure:7580: checking for sys/types.h
configure:7580: gcc -c -g -O2  conftest.c >&5
configure:7580: $? = 0
configure:7580: result: yes
configure:7580: checking for sys/stat.h
configure:7580: gcc -c -g -O2  conftest.c >&5
configure:7580: $? = 0
configure:7580: result: yes
configure:7580: checking for stdlib.h
configure:7580: gcc -c -g -O2  conftest.c >&5
configure:7580: $? = 0
configure:7580: result: yes
configure:7580: checking for string.h
configure:7580: gcc -c -g -O2  conftest.c >&5
configure:7580: $? = 0
configure:7580: result: yes
configure:7580: checking for memory.h
configure:7580: gcc -c -g -O2  conftest.c >&5
configure:7580: $? = 0
configure:7580: result: yes
configure:7580: checking for strings.h
configure:7580: gcc -c -g -O2  conftest.c >&5
configure:7580: $? = 0
configure:7580: result: yes
configure:7580: checking for inttypes.h
configure:7580: gcc -c -g -O2  conftest.c >&5
configure:7580: $? = 0
configure:7580: result: yes
configure:7580: checking for stdint.h
configure:7580: gcc -c -g -O2  conftest.c >&5
configure:7580: $? = 0
configure:7580: result: yes
configure:7580: checking for unistd.h
configure:7580: gcc -c -g -O2  conftest.c >&5
configure:7580: $? = 0
configure:7580: result: yes
configure:7594: checking for dlfcn.h
configure:7594: gcc -c -g -O2  conftest.c >&5
configure:7594: $? = 0
configure:7594: result: yes
configure:7850: checking for objdir
configure:7865: result: .libs
configure:8125: checking if gcc supports -fno-rtti -fno-exceptions
configure:8143: gcc -c -g -O2  -fno-rtti -fno-exceptions conftest.c >&5
cc1: warning: command-line option '-fno-rtti' is valid for C++/D/ObjC++ but not for C
configure:8147: $? = 0
configure:8160: result: no
configure:8524: checking for gcc option to produce PIC
configure:8531: result: -fPIC -DPIC
configure:8539: checking if gcc PIC flag -fPIC -DPIC works
configure:8557: gcc -c -g -O2  -fPIC -DPIC -DPIC conftest.c >&5
configure:8561: $? = 0
configure:8574: result: yes
configure:8603: checking if gcc static flag -static works
configure:8631: result: yes
configure:8646: checking if gcc supports -c -o file.o
configure:8667: gcc -c -g -O2  -o out/conftest2.o conftest.c >&5
configure:8671: $? = 0
configure:8693: result: yes
configure:8701: checking if gcc supports -c -o file.o
configure:8748: result: yes
configure:8781: checking whether the gcc linker (/usr/bin/ld) supports shared libraries
configure:10044: result: yes
configure:10081: checking whether -lc should be explicitly linked in
configure:10089: gcc -c -g -O2  conftest.c >&5
configure:10092: $? = 0
configure:10107: gcc -shared  -fPIC -DPIC conftest.o  -v -Wl,-soname -Wl,conftest -o conftest 2\>\&1 \| /usr/bin/grep  -lc  \>/dev/null 2\>\&1
configure:10110: $? = 0
configure:10124: result: no
configure:10284: checking dynamic linker characteristics
configure:10865: gcc -o conftest -g -O2   -Wl,-rpath -Wl,/foo conftest.c  >&5
configure:10865: $? = 0
configure:11114: result: GNU/Linux ld.so
configure:11236: checking how to hardcode library paths into programs
configure:11261: result: immediate
configure:11809: checking whether stripping libraries is possible
configure:11814: result: yes
configure:11849: checking if libtool supports shared libraries
configure:11851: result: yes
configure:11854: checking whether to build shared libraries
configure:11879: result: yes
configure:11882: checking whether to build static libraries
configure:11886: result: yes
configure:11926: checking for pkg-config
configure:11942: found /usr/bin/pkg-config
configure:11956: result:  
configure:12019: checking for pkg-config
configure:12037: found /usr/bin/pkg-config
configure:12049: result: /usr/bin/pkg-config
configure:12074: checking pkg-config is at least version 0.9.0
configure:12077: result: yes
configure:12092: checking for
  gstreamer-1.0 >= 1.0
  gstreamer-base-1.0 >= 1.0
  gstreamer-controller-1.0 >= 1.0
  gstreamer-video-1.0 >= 1.0

configure:12109: $PKG_CONFIG --exists --print-errors "
  gstreamer-1.0 >= $GST_REQUIRED
  gstreamer-base-1.0 >= $GST_REQUIRED
  gstreamer-controller-1.0 >= $GST_REQUIRED
  gstreamer-video-1.0 >= $GST_REQUIRED
"
configure:12117: $? = 0
configure:12141: $PKG_CONFIG --exists --print-errors "
  gstreamer-1.0 >= $GST_REQUIRED
  gstreamer-base-1.0 >= $GST_REQUIRED
  gstreamer-controller-1.0 >= $GST_REQUIRED
  gstreamer-video-1.0 >= $GST_REQUIRED
"
configure:12149: $? = 0
configure:12218: result: yes
configure:12226: checking to see if compiler understands -Wall
configure:12241: gcc -c -g -O2 -Wall  conftest.c >&5
configure:12241: $? = 0
configure:12244: result: yes
configure:12368: checking that generated files are newer than configure
configure:12374: result: done
configure:12401: creating ./config.status

## ---------------------- ##
## Running config.status. ##
## ---------------------- ##

This file was extended by gst-plugin-cedar config.status 0.10.1, which was
generated by GNU Autoconf 2.69.  Invocation command line was

  CONFIG_FILES    = 
  CONFIG_HEADERS  = 
  CONFIG_LINKS    = 
  CONFIG_COMMANDS = 
  $ ./config.status 

on Slash

config.status:1097: creating Makefile
config.status:1097: creating src/Makefile
config.status:1097: creating config.h
config.status:1278: config.h is unchanged
config.status:1326: executing depfiles commands
config.status:1403: cd src       && sed -e '/# am--include-marker/d' Makefile         | make -f - am--depfiles
make: Nothing to be done for 'am--depfiles'.
config.status:1408: $? = 0
config.status:1326: executing libtool commands

## ---------------- ##
## Cache variables. ##
## ---------------- ##

ac_cv_build=armv7l-unknown-linux-gnueabihf
ac_cv_c_compiler_gnu=yes
ac_cv_env_CC_set=
ac_cv_env_CC_value=
ac_cv_env_CFLAGS_set=
ac_cv_env_CFLAGS_value=
ac_cv_env_CPPFLAGS_set=
ac_cv_env_CPPFLAGS_value=
ac_cv_env_CPP_set=
ac_cv_env_CPP_value=
ac_cv_env_GST_CFLAGS_set=
ac_cv_env_GST_CFLAGS_value=
ac_cv_env_GST_LIBS_set=
ac_cv_env_GST_LIBS_value=
ac_cv_env_LDFLAGS_set=
ac_cv_env_LDFLAGS_value=
ac_cv_env_LIBS_set=
ac_cv_env_LIBS_value=
ac_cv_env_LT_SYS_LIBRARY_PATH_set=
ac_cv_env_LT_SYS_LIBRARY_PATH_value=
ac_cv_env_PKG_CONFIG_LIBDIR_set=
ac_cv_env_PKG_CONFIG_LIBDIR_value=
ac_cv_env_PKG_CONFIG_PATH_set=
ac_cv_env_PKG_CONFIG_PATH_value=
ac_cv_env_PKG_CONFIG_set=
ac_cv_env_PKG_CONFIG_value=
ac_cv_env_build_alias_set=
ac_cv_env_build_alias_value=
ac_cv_env_host_alias_set=
ac_cv_env_host_alias_value=
ac_cv_env_target_alias_set=
ac_cv_env_target_alias_value=
ac_cv_header_dlfcn_h=yes
ac_cv_header_inttypes_h=yes
ac_cv_header_memory_h=yes
ac_cv_header_stdc=yes
ac_cv_header_stdint_h=yes
ac_cv_header_stdlib_h=yes
ac_cv_header_string_h=yes
ac_cv_header_strings_h=yes
ac_cv_header_sys_stat_h=yes
ac_cv_header_sys_types_h=yes
ac_cv_header_unistd_h=yes
ac_cv_host=armv7l-unknown-linux-gnueabihf
ac_cv_objext=o
ac_cv_path_EGREP='/usr/bin/grep -E'
ac_cv_path_FGREP='/usr/bin/grep -F'
ac_cv_path_GREP=/usr/bin/grep
ac_cv_path_SED=/usr/bin/sed
ac_cv_path_ac_pt_PKG_CONFIG=/usr/bin/pkg-config
ac_cv_path_install='/usr/bin/install -c'
ac_cv_path_lt_DD=/usr/bin/dd
ac_cv_path_mkdir=/usr/bin/mkdir
ac_cv_prog_AWK=mawk
ac_cv_prog_CPP='gcc -E'
ac_cv_prog_HAVE_PKGCONFIG=' '
ac_cv_prog_ac_ct_AR=ar
ac_cv_prog_ac_ct_CC=gcc
ac_cv_prog_ac_ct_MANIFEST_TOOL=mt
ac_cv_prog_ac_ct_OBJDUMP=objdump
ac_cv_prog_ac_ct_RANLIB=ranlib
ac_cv_prog_ac_ct_STRIP=strip
ac_cv_prog_cc_c89=
ac_cv_prog_cc_g=yes
ac_cv_prog_make_make_set=yes
am_cv_CC_dependencies_compiler_type=gcc3
am_cv_make_support_nested_variables=yes
am_cv_prog_cc_c_o=yes
lt_cv_ar_at_file=@
lt_cv_archive_cmds_need_lc=no
lt_cv_deplibs_check_method=pass_all
lt_cv_file_magic_cmd='$MAGIC_CMD'
lt_cv_file_magic_test_file=
lt_cv_ld_reload_flag=-r
lt_cv_nm_interface='BSD nm'
lt_cv_objdir=.libs
lt_cv_path_LD=/usr/bin/ld
lt_cv_path_NM='/usr/bin/nm -B'
lt_cv_path_mainfest_tool=no
lt_cv_prog_compiler_c_o=yes
lt_cv_prog_compiler_pic='-fPIC -DPIC'
lt_cv_prog_compiler_pic_works=yes
lt_cv_prog_compiler_rtti_exceptions=no
lt_cv_prog_compiler_static_works=yes
lt_cv_prog_gnu_ld=yes
lt_cv_sharedlib_from_linklib_cmd='printf %s\n'
lt_cv_shlibpath_overrides_runpath=yes
lt_cv_sys_global_symbol_pipe='sed -n -e '\''s/^.*[	 ]\([ABCDGIRSTW][ABCDGIRSTW]*\)[	 ][	 ]*\([_A-Za-z][_A-Za-z0-9]*\)$/\1 \2 \2/p'\'' | sed '\''/ __gnu_lto/d'\'''
lt_cv_sys_global_symbol_to_c_name_address='sed -n -e '\''s/^: \(.*\) .*$/  {"\1", (void *) 0},/p'\'' -e '\''s/^[ABCDGIRSTW][ABCDGIRSTW]* .* \(.*\)$/  {"\1", (void *) \&\1},/p'\'''
lt_cv_sys_global_symbol_to_c_name_address_lib_prefix='sed -n -e '\''s/^: \(.*\) .*$/  {"\1", (void *) 0},/p'\'' -e '\''s/^[ABCDGIRSTW][ABCDGIRSTW]* .* \(lib.*\)$/  {"\1", (void *) \&\1},/p'\'' -e '\''s/^[ABCDGIRSTW][ABCDGIRSTW]* .* \(.*\)$/  {"lib\1", (void *) \&\1},/p'\'''
lt_cv_sys_global_symbol_to_cdecl='sed -n -e '\''s/^T .* \(.*\)$/extern int \1();/p'\'' -e '\''s/^[ABCDGIRSTW][ABCDGIRSTW]* .* \(.*\)$/extern char \1;/p'\'''
lt_cv_sys_global_symbol_to_import=
lt_cv_sys_max_cmd_len=1572864
lt_cv_to_host_file_cmd=func_convert_file_noop
lt_cv_to_tool_file_cmd=func_convert_file_noop
lt_cv_truncate_bin='/usr/bin/dd bs=4096 count=1'
pkg_cv_GST_CFLAGS='-pthread -I/usr/include/gstreamer-1.0 -I/usr/include/orc-0.4 -I/usr/include/gstreamer-1.0 -I/usr/include/arm-linux-gnueabihf -I/usr/include/glib-2.0 -I/usr/lib/arm-linux-gnueabihf/glib-2.0/include'
pkg_cv_GST_LIBS='-lgstcontroller-1.0 -lgstvideo-1.0 -lgstbase-1.0 -lgstreamer-1.0 -lgobject-2.0 -lglib-2.0'

## ----------------- ##
## Output variables. ##
## ----------------- ##

ACLOCAL='${SHELL} '\''/usr/local/src/v3s/gst-plugin-cedar-cs/missing'\'' aclocal-1.16'
AMDEPBACKSLASH='\'
AMDEP_FALSE='#'
AMDEP_TRUE=''
AMTAR='$${TAR-tar}'
AM_BACKSLASH='\'
AM_DEFAULT_V='$(AM_DEFAULT_VERBOSITY)'
AM_DEFAULT_VERBOSITY='1'
AM_V='$(V)'
AR='ar'
AUTOCONF='${SHELL} '\''/usr/local/src/v3s/gst-plugin-cedar-cs/missing'\'' autoconf'
AUTOHEADER='${SHELL} '\''/usr/local/src/v3s/gst-plugin-cedar-cs/missing'\'' autoheader'
AUTOMAKE='${SHELL} '\''/usr/local/src/v3s/gst-plugin-cedar-cs/missing'\'' automake-1.16'
AWK='mawk'
CC='gcc'
CCDEPMODE='depmode=gcc3'
CFLAGS='-g -O2 -Wall'
CPP='gcc -E'
CPPFLAGS=''
CYGPATH_W='echo'
DEFS='-DHAVE_CONFIG_H'
DEPDIR='.deps'
DLLTOOL='false'
DSYMUTIL=''
DUMPBIN=''
ECHO_C=''
ECHO_N='-n'
ECHO_T=''
EGREP='/usr/bin/grep -E'
EXEEXT=''
FGREP='/usr/bin/grep -F'
GREP='/usr/bin/grep'
GST_CFLAGS='-pthread -I/usr/include/gstreamer-1.0 -I/usr/include/orc-0.4 -I/usr/include/gstreamer-1.0 -I/usr/include/arm-linux-gnueabihf -I/usr/include/glib-2.0 -I/usr/lib/arm-linux-gnueabihf/glib-2.0/include -Wall'
GST_LIBS='-lgstcontroller-1.0 -lgstvideo-1.0 -lgstbase-1.0 -lgstreamer-1.0 -lgobject-2.0 -lglib-2.0'
GST_PLUGIN_LDFLAGS='-module -avoid-version -export-symbols-regex _*\(gst_\|Gst\|GST_\).*'
HAVE_PKGCONFIG=' '
INSTALL_DATA='${INSTALL} -m 644'
INSTALL_PROGRAM='${INSTALL}'
INSTALL_SCRIPT='${INSTALL}'
INSTALL_STRIP_PROGRAM='$(install_sh) -c -s'
LD='/usr/bin/ld'
LDFLAGS=''
LIBOBJS=''
LIBS=''
LIBTOOL='$(SHELL) $(top_builddir)/libtool'
LIPO=''
LN_S='ln -s'
LTLIBOBJS=''
LT_SYS_LIBRARY_PATH=''
MAINT=''
MAINTAINER_MODE_FALSE='#'
MAINTAINER_MODE_TRUE=''
MAKEINFO='${SHELL} '\''/usr/local/src/v3s/gst-plugin-cedar-cs/missing'\'' makeinfo'
MANIFEST_TOOL=':'
MKDIR_P='/usr/bin/mkdir -p'
NM='/usr/bin/nm -B'
NMEDIT=''
OBJDUMP='objdump'
OBJEXT='o'
OTOOL64=''
OTOOL=''
PACKAGE='gst-plugin-cedar'
PACKAGE_BUGREPORT='ebutera@users.sourceforge.net'
PACKAGE_NAME='gst-plugin-cedar'
PACKAGE_STRING='gst-plugin-cedar 0.10.1'
PACKAGE_TARNAME='gst-plugin-cedar'
PACKAGE_URL=''
PACKAGE_VERSION='0.10.1'
PATH_SEPARATOR=':'
PKG_CONFIG='/usr/bin/pkg-config'
PKG_CONFIG_LIBDIR=''
PKG_CONFIG_PATH=''
RANLIB='ranlib'
SED='/usr/bin/sed'
SET_MAKE=''
SHELL='/bin/bash'
STRIP='strip'
VERSION='0.10.1'
ac_ct_AR='ar'
ac_ct_CC='gcc'
ac_ct_DUMPBIN=''
am__EXEEXT_FALSE=''
am__EXEEXT_TRUE='#'
am__fastdepCC_FALSE='#'
am__fastdepCC_TRUE=''
am__include='include'
am__isrc=''
am__leading_dot='.'
am__nodep='_no'
am__quote=''
am__tar='$${TAR-tar} chof - "$$tardir"'
am__untar='$${TAR-tar} xf -'
bindir='${exec_prefix}/bin'
build='armv7l-unknown-linux-gnueabihf'
build_alias=''
build_cpu='armv7l'
build_os='linux-gnueabihf'
build_vendor='unknown'
datadir='${datarootdir}'
datarootdir='${prefix}/share'
docdir='${datarootdir}/doc/${PACKAGE_TARNAME}'
dvidir='${docdir}'
exec_prefix='${prefix}'
host='armv7l-unknown-linux-gnueabihf'
host_alias=''
host_cpu='armv7l'
host_os='linux-gnueabihf'
host_vendor='unknown'
htmldir='${docdir}'
includedir='${prefix}/include'
infodir='${datarootdir}/info'
install_sh='${SHELL} /usr/local/src/v3s/gst-plugin-cedar-cs/install-sh'
libdir='${exec_prefix}/lib'
libexecdir='${exec_prefix}/libexec'
localedir='${datarootdir}/locale'
localstatedir='${prefix}/var'
mandir='${datarootdir}/man'
mkdir_p='$(MKDIR_P)'
oldincludedir='/usr/include'
pdfdir='${docdir}'
plugindir='$(libdir)/gstreamer-1.0'
prefix='/usr'
program_transform_name='s,x,x,'
psdir='${docdir}'
runstatedir='${localstatedir}/run'
sbindir='${exec_prefix}/sbin'
sharedstatedir='${prefix}/com'
sysconfdir='${prefix}/etc'
target_alias=''

## ----------- ##
## confdefs.h. ##
## ----------- ##

/* confdefs.h */
#define PACKAGE_NAME "gst-plugin-cedar"
#define PACKAGE_TARNAME "gst-plugin-cedar"
#define PACKAGE_VERSION "0.10.1"
#define PACKAGE_STRING "gst-plugin-cedar 0.10.1"
#define PACKAGE_BUGREPORT "ebutera@users.sourceforge.net"
#define PACKAGE_URL ""
#define PACKAGE "gst-plugin-cedar"
#define VERSION "0.10.1"
#define STDC_HEADERS 1
#define HAVE_SYS_TYPES_H 1
#define HAVE_SYS_STAT_H 1
#define HAVE_STDLIB_H 1
#define HAVE_STRING_H 1
#define HAVE_MEMORY_H 1
#define HAVE_STRINGS_H 1
#define HAVE_INTTYPES_H 1
#define HAVE_STDINT_H 1
#define HAVE_UNISTD_H 1
#define HAVE_DLFCN_H 1
#define LT_OBJDIR ".libs/"

configure: exit 0

## ---------------------- ##
## Running config.status. ##
## ---------------------- ##

This file was extended by gst-plugin-cedar config.status 0.10.1, which was
generated by GNU Autoconf 2.69.  Invocation command line was

  CONFIG_FILES    = 
  CONFIG_HEADERS  = 
  CONFIG_LINKS    = 
  CONFIG_COMMANDS = 
  $ ./config.status config.h

on Slash

config.status:1097: creating config.h
config.status:1278: config.h is unchanged
